[ 2015-07-31T17:46:35+08:00 ] 127.0.0.1 /NBADemo/
INFO: [ app_begin ] --START--
INFO: Run ReadHtmlCache Behavior [ RunTime:0.000832s ]
INFO: [ app_begin ] --END-- [ RunTime:0.014034s ]
INFO: [ view_parse ] --START--
INFO: Run ParseTemplate Behavior [ RunTime:0.006600s ]
INFO: [ view_parse ] --END-- [ RunTime:0.006700s ]
INFO: [ view_filter ] --START--
INFO: Run ContentReplace Behavior [ RunTime:0.000463s ]
INFO: Run TokenBuild Behavior [ RunTime:0.000600s ]
INFO: Run WriteHtmlCache Behavior [ RunTime:0.000386s ]
INFO: Run ShowRuntime Behavior [ RunTime:0.000513s ]
INFO: [ view_filter ] --END-- [ RunTime:0.002150s ]
INFO: [ view_end ] --START--
INFO: Run ShowPageTrace Behavior [ RunTime:0.000766s ]
INFO: [ view_end ] --END-- [ RunTime:0.000935s ]

[ 2015-07-31T18:05:31+08:00 ] 127.0.0.1 /NBADemo/
INFO: [ app_begin ] --START--
INFO: Run ReadHtmlCache Behavior [ RunTime:0.000647s ]
INFO: [ app_begin ] --END-- [ RunTime:0.000732s ]

[ 2015-07-31T18:05:40+08:00 ] 127.0.0.1 /NBADemo/index.php
INFO: [ app_begin ] --START--
INFO: Run ReadHtmlCache Behavior [ RunTime:0.000480s ]
INFO: [ app_begin ] --END-- [ RunTime:0.000562s ]

[ 2015-07-31T18:05:51+08:00 ] 127.0.0.1 /NBADemo/index.php/Index/index
INFO: [ route_check ] --START--
INFO: Run CheckRoute Behavior [ RunTime:0.014925s ]
INFO: [ route_check ] --END-- [ RunTime:0.015056s ]
INFO: [ app_begin ] --START--
INFO: Run ReadHtmlCache Behavior [ RunTime:0.000624s ]
INFO: [ app_begin ] --END-- [ RunTime:0.000707s ]

[ 2015-07-31T18:05:53+08:00 ] 127.0.0.1 /NBADemo/index.php/Index/index
INFO: [ route_check ] --START--
INFO: Run CheckRoute Behavior [ RunTime:0.000607s ]
INFO: [ route_check ] --END-- [ RunTime:0.000687s ]
INFO: [ app_begin ] --START--
INFO: Run ReadHtmlCache Behavior [ RunTime:0.000486s ]
INFO: [ app_begin ] --END-- [ RunTime:0.000554s ]

[ 2015-07-31T18:05:54+08:00 ] 127.0.0.1 /NBADemo/index.php/Index/index
INFO: [ route_check ] --START--
INFO: Run CheckRoute Behavior [ RunTime:0.000719s ]
INFO: [ route_check ] --END-- [ RunTime:0.000814s ]
INFO: [ app_begin ] --START--
INFO: Run ReadHtmlCache Behavior [ RunTime:0.000577s ]
INFO: [ app_begin ] --END-- [ RunTime:0.000649s ]

[ 2015-07-31T18:05:54+08:00 ] 127.0.0.1 /NBADemo/index.php/Index/index
INFO: [ route_check ] --START--
INFO: Run CheckRoute Behavior [ RunTime:0.000621s ]
INFO: [ route_check ] --END-- [ RunTime:0.000706s ]
INFO: [ app_begin ] --START--
INFO: Run ReadHtmlCache Behavior [ RunTime:0.000453s ]
INFO: [ app_begin ] --END-- [ RunTime:0.000520s ]

[ 2015-07-31T18:06:27+08:00 ] 127.0.0.1 /NBADemo/index.php/Index/index
INFO: [ route_check ] --START--
INFO: Run CheckRoute Behavior [ RunTime:0.000673s ]
INFO: [ route_check ] --END-- [ RunTime:0.000768s ]
INFO: [ app_begin ] --START--
INFO: Run ReadHtmlCache Behavior [ RunTime:0.000471s ]
INFO: [ app_begin ] --END-- [ RunTime:0.000542s ]
NOTIC: [2048] Declaration of IndexAction::show() should be compatible with that of Action::show() C:\wamp\www\NBADemo\Home\Lib\Action\IndexAction.class.php 第 11 行.

[ 2015-07-31T18:06:32+08:00 ] 127.0.0.1 /NBADemo/index.php/Index/show
INFO: [ route_check ] --START--
INFO: Run CheckRoute Behavior [ RunTime:0.000611s ]
INFO: [ route_check ] --END-- [ RunTime:0.000700s ]
INFO: [ app_begin ] --START--
INFO: Run ReadHtmlCache Behavior [ RunTime:0.000483s ]
INFO: [ app_begin ] --END-- [ RunTime:0.000556s ]
NOTIC: [2048] Declaration of IndexAction::show() should be compatible with that of Action::show() C:\wamp\www\NBADemo\Home\Lib\Action\IndexAction.class.php 第 11 行.

[ 2015-07-31T18:06:34+08:00 ] 127.0.0.1 /NBADemo/index.php/Index/show
INFO: [ route_check ] --START--
INFO: Run CheckRoute Behavior [ RunTime:0.000582s ]
INFO: [ route_check ] --END-- [ RunTime:0.000663s ]
INFO: [ app_begin ] --START--
INFO: Run ReadHtmlCache Behavior [ RunTime:0.000453s ]
INFO: [ app_begin ] --END-- [ RunTime:0.000519s ]
NOTIC: [2048] Declaration of IndexAction::show() should be compatible with that of Action::show() C:\wamp\www\NBADemo\Home\Lib\Action\IndexAction.class.php 第 11 行.

[ 2015-07-31T18:06:34+08:00 ] 127.0.0.1 /NBADemo/index.php/Index/show
INFO: [ route_check ] --START--
INFO: Run CheckRoute Behavior [ RunTime:0.000624s ]
INFO: [ route_check ] --END-- [ RunTime:0.000711s ]
INFO: [ app_begin ] --START--
INFO: Run ReadHtmlCache Behavior [ RunTime:0.000500s ]
INFO: [ app_begin ] --END-- [ RunTime:0.000595s ]
NOTIC: [2048] Declaration of IndexAction::show() should be compatible with that of Action::show() C:\wamp\www\NBADemo\Home\Lib\Action\IndexAction.class.php 第 11 行.

[ 2015-07-31T18:06:35+08:00 ] 127.0.0.1 /NBADemo/index.php/Index/show
INFO: [ route_check ] --START--
INFO: Run CheckRoute Behavior [ RunTime:0.000860s ]
INFO: [ route_check ] --END-- [ RunTime:0.000982s ]
INFO: [ app_begin ] --START--
INFO: Run ReadHtmlCache Behavior [ RunTime:0.000619s ]
INFO: [ app_begin ] --END-- [ RunTime:0.000735s ]
NOTIC: [2048] Declaration of IndexAction::show() should be compatible with that of Action::show() C:\wamp\www\NBADemo\Home\Lib\Action\IndexAction.class.php 第 11 行.

[ 2015-07-31T18:06:35+08:00 ] 127.0.0.1 /NBADemo/index.php/Index/show
INFO: [ route_check ] --START--
INFO: Run CheckRoute Behavior [ RunTime:0.000613s ]
INFO: [ route_check ] --END-- [ RunTime:0.000700s ]
INFO: [ app_begin ] --START--
INFO: Run ReadHtmlCache Behavior [ RunTime:0.000457s ]
INFO: [ app_begin ] --END-- [ RunTime:0.000526s ]
NOTIC: [2048] Declaration of IndexAction::show() should be compatible with that of Action::show() C:\wamp\www\NBADemo\Home\Lib\Action\IndexAction.class.php 第 11 行.

[ 2015-07-31T18:06:35+08:00 ] 127.0.0.1 /NBADemo/index.php/Index/show
INFO: [ route_check ] --START--
INFO: Run CheckRoute Behavior [ RunTime:0.000578s ]
INFO: [ route_check ] --END-- [ RunTime:0.000659s ]
INFO: [ app_begin ] --START--
INFO: Run ReadHtmlCache Behavior [ RunTime:0.000455s ]
INFO: [ app_begin ] --END-- [ RunTime:0.000522s ]
NOTIC: [2048] Declaration of IndexAction::show() should be compatible with that of Action::show() C:\wamp\www\NBADemo\Home\Lib\Action\IndexAction.class.php 第 11 行.

[ 2015-07-31T18:06:35+08:00 ] 127.0.0.1 /NBADemo/index.php/Index/show
INFO: [ route_check ] --START--
INFO: Run CheckRoute Behavior [ RunTime:0.000816s ]
INFO: [ route_check ] --END-- [ RunTime:0.000915s ]
INFO: [ app_begin ] --START--
INFO: Run ReadHtmlCache Behavior [ RunTime:0.000505s ]
INFO: [ app_begin ] --END-- [ RunTime:0.000575s ]
NOTIC: [2048] Declaration of IndexAction::show() should be compatible with that of Action::show() C:\wamp\www\NBADemo\Home\Lib\Action\IndexAction.class.php 第 11 行.

[ 2015-07-31T18:06:35+08:00 ] 127.0.0.1 /NBADemo/index.php/Index/show
INFO: [ route_check ] --START--
INFO: Run CheckRoute Behavior [ RunTime:0.000610s ]
INFO: [ route_check ] --END-- [ RunTime:0.000695s ]
INFO: [ app_begin ] --START--
INFO: Run ReadHtmlCache Behavior [ RunTime:0.000462s ]
INFO: [ app_begin ] --END-- [ RunTime:0.000531s ]
NOTIC: [2048] Declaration of IndexAction::show() should be compatible with that of Action::show() C:\wamp\www\NBADemo\Home\Lib\Action\IndexAction.class.php 第 11 行.

[ 2015-07-31T18:06:36+08:00 ] 127.0.0.1 /NBADemo/index.php/Index/show
INFO: [ route_check ] --START--
INFO: Run CheckRoute Behavior [ RunTime:0.000583s ]
INFO: [ route_check ] --END-- [ RunTime:0.000667s ]
INFO: [ app_begin ] --START--
INFO: Run ReadHtmlCache Behavior [ RunTime:0.000579s ]
INFO: [ app_begin ] --END-- [ RunTime:0.000654s ]
NOTIC: [2048] Declaration of IndexAction::show() should be compatible with that of Action::show() C:\wamp\www\NBADemo\Home\Lib\Action\IndexAction.class.php 第 11 行.

[ 2015-07-31T18:06:36+08:00 ] 127.0.0.1 /NBADemo/index.php/Index/show
INFO: [ route_check ] --START--
INFO: Run CheckRoute Behavior [ RunTime:0.000790s ]
INFO: [ route_check ] --END-- [ RunTime:0.000904s ]
INFO: [ app_begin ] --START--
INFO: Run ReadHtmlCache Behavior [ RunTime:0.000459s ]
INFO: [ app_begin ] --END-- [ RunTime:0.000526s ]
NOTIC: [2048] Declaration of IndexAction::show() should be compatible with that of Action::show() C:\wamp\www\NBADemo\Home\Lib\Action\IndexAction.class.php 第 11 行.

[ 2015-07-31T18:06:37+08:00 ] 127.0.0.1 /NBADemo/index.php/Index/show
INFO: [ route_check ] --START--
INFO: Run CheckRoute Behavior [ RunTime:0.000637s ]
INFO: [ route_check ] --END-- [ RunTime:0.000738s ]
INFO: [ app_begin ] --START--
INFO: Run ReadHtmlCache Behavior [ RunTime:0.000662s ]
INFO: [ app_begin ] --END-- [ RunTime:0.000766s ]
NOTIC: [2048] Declaration of IndexAction::show() should be compatible with that of Action::show() C:\wamp\www\NBADemo\Home\Lib\Action\IndexAction.class.php 第 11 行.

[ 2015-07-31T18:06:37+08:00 ] 127.0.0.1 /NBADemo/index.php/Index/show
INFO: [ route_check ] --START--
INFO: Run CheckRoute Behavior [ RunTime:0.000636s ]
INFO: [ route_check ] --END-- [ RunTime:0.000727s ]
INFO: [ app_begin ] --START--
INFO: Run ReadHtmlCache Behavior [ RunTime:0.000482s ]
INFO: [ app_begin ] --END-- [ RunTime:0.000574s ]
NOTIC: [2048] Declaration of IndexAction::show() should be compatible with that of Action::show() C:\wamp\www\NBADemo\Home\Lib\Action\IndexAction.class.php 第 11 行.

[ 2015-07-31T18:06:37+08:00 ] 127.0.0.1 /NBADemo/index.php/Index/show
INFO: [ route_check ] --START--
INFO: Run CheckRoute Behavior [ RunTime:0.000593s ]
INFO: [ route_check ] --END-- [ RunTime:0.000679s ]
INFO: [ app_begin ] --START--
INFO: Run ReadHtmlCache Behavior [ RunTime:0.000475s ]
INFO: [ app_begin ] --END-- [ RunTime:0.000563s ]
NOTIC: [2048] Declaration of IndexAction::show() should be compatible with that of Action::show() C:\wamp\www\NBADemo\Home\Lib\Action\IndexAction.class.php 第 11 行.

[ 2015-07-31T18:06:37+08:00 ] 127.0.0.1 /NBADemo/index.php/Index/show
INFO: [ route_check ] --START--
INFO: Run CheckRoute Behavior [ RunTime:0.000596s ]
INFO: [ route_check ] --END-- [ RunTime:0.000679s ]
INFO: [ app_begin ] --START--
INFO: Run ReadHtmlCache Behavior [ RunTime:0.000459s ]
INFO: [ app_begin ] --END-- [ RunTime:0.000526s ]
NOTIC: [2048] Declaration of IndexAction::show() should be compatible with that of Action::show() C:\wamp\www\NBADemo\Home\Lib\Action\IndexAction.class.php 第 11 行.

[ 2015-07-31T18:06:38+08:00 ] 127.0.0.1 /NBADemo/index.php/Index/show
INFO: [ route_check ] --START--
INFO: Run CheckRoute Behavior [ RunTime:0.000676s ]
INFO: [ route_check ] --END-- [ RunTime:0.000760s ]
INFO: [ app_begin ] --START--
INFO: Run ReadHtmlCache Behavior [ RunTime:0.000457s ]
INFO: [ app_begin ] --END-- [ RunTime:0.000525s ]
NOTIC: [2048] Declaration of IndexAction::show() should be compatible with that of Action::show() C:\wamp\www\NBADemo\Home\Lib\Action\IndexAction.class.php 第 11 行.

[ 2015-07-31T18:06:38+08:00 ] 127.0.0.1 /NBADemo/index.php/Index/show
INFO: [ route_check ] --START--
INFO: Run CheckRoute Behavior [ RunTime:0.000586s ]
INFO: [ route_check ] --END-- [ RunTime:0.000669s ]
INFO: [ app_begin ] --START--
INFO: Run ReadHtmlCache Behavior [ RunTime:0.000452s ]
INFO: [ app_begin ] --END-- [ RunTime:0.000517s ]
NOTIC: [2048] Declaration of IndexAction::show() should be compatible with that of Action::show() C:\wamp\www\NBADemo\Home\Lib\Action\IndexAction.class.php 第 11 行.

[ 2015-07-31T18:11:57+08:00 ] 127.0.0.1 /NBADemo/index.php/Index/show
INFO: [ route_check ] --START--
INFO: Run CheckRoute Behavior [ RunTime:0.000739s ]
INFO: [ route_check ] --END-- [ RunTime:0.000826s ]
INFO: [ app_begin ] --START--
INFO: Run ReadHtmlCache Behavior [ RunTime:0.000557s ]
INFO: [ app_begin ] --END-- [ RunTime:0.000627s ]
NOTIC: [2048] Declaration of IndexAction::show() should be compatible with that of Action::show() C:\wamp\www\NBADemo\Home\Lib\Action\IndexAction.class.php 第 11 行.

[ 2015-07-31T18:12:08+08:00 ] 127.0.0.1 /NBADemo/index.php/Index/show
INFO: [ route_check ] --START--
INFO: Run CheckRoute Behavior [ RunTime:0.000590s ]
INFO: [ route_check ] --END-- [ RunTime:0.000672s ]
INFO: [ app_begin ] --START--
INFO: Run ReadHtmlCache Behavior [ RunTime:0.000466s ]
INFO: [ app_begin ] --END-- [ RunTime:0.000535s ]
NOTIC: [2048] Declaration of IndexAction::show() should be compatible with that of Action::show() C:\wamp\www\NBADemo\Home\Lib\Action\IndexAction.class.php 第 11 行.

[ 2015-07-31T18:12:33+08:00 ] 127.0.0.1 /NBADemo/
INFO: [ app_begin ] --START--
INFO: Run ReadHtmlCache Behavior [ RunTime:0.001296s ]
INFO: [ app_begin ] --END-- [ RunTime:0.001563s ]
NOTIC: [2048] Declaration of IndexAction::show() should be compatible with that of Action::show() C:\wamp\www\NBADemo\Home\Lib\Action\IndexAction.class.php 第 11 行.

[ 2015-07-31T18:12:35+08:00 ] 127.0.0.1 /NBADemo/
INFO: [ app_begin ] --START--
INFO: Run ReadHtmlCache Behavior [ RunTime:0.000463s ]
INFO: [ app_begin ] --END-- [ RunTime:0.000540s ]
NOTIC: [2048] Declaration of IndexAction::show() should be compatible with that of Action::show() C:\wamp\www\NBADemo\Home\Lib\Action\IndexAction.class.php 第 11 行.

[ 2015-07-31T18:13:56+08:00 ] 127.0.0.1 /NBADemo/index.php/Index/show
INFO: [ route_check ] --START--
INFO: Run CheckRoute Behavior [ RunTime:0.000729s ]
INFO: [ route_check ] --END-- [ RunTime:0.000817s ]
INFO: [ app_begin ] --START--
INFO: Run ReadHtmlCache Behavior [ RunTime:0.000585s ]
INFO: [ app_begin ] --END-- [ RunTime:0.000659s ]
NOTIC: [2048] Declaration of IndexAction::show() should be compatible with that of Action::show() C:\wamp\www\NBADemo\Home\Lib\Action\IndexAction.class.php 第 11 行.

[ 2015-07-31T18:13:59+08:00 ] 127.0.0.1 /NBADemo/index.php/Index/show
INFO: [ route_check ] --START--
INFO: Run CheckRoute Behavior [ RunTime:0.000794s ]
INFO: [ route_check ] --END-- [ RunTime:0.000919s ]
INFO: [ app_begin ] --START--
INFO: Run ReadHtmlCache Behavior [ RunTime:0.000666s ]
INFO: [ app_begin ] --END-- [ RunTime:0.000775s ]
NOTIC: [2048] Declaration of IndexAction::show() should be compatible with that of Action::show() C:\wamp\www\NBADemo\Home\Lib\Action\IndexAction.class.php 第 11 行.

[ 2015-07-31T18:13:59+08:00 ] 127.0.0.1 /NBADemo/index.php/Index/show
INFO: [ route_check ] --START--
INFO: Run CheckRoute Behavior [ RunTime:0.001124s ]
INFO: [ route_check ] --END-- [ RunTime:0.001266s ]
INFO: [ app_begin ] --START--
INFO: Run ReadHtmlCache Behavior [ RunTime:0.000468s ]
INFO: [ app_begin ] --END-- [ RunTime:0.000548s ]
NOTIC: [2048] Declaration of IndexAction::show() should be compatible with that of Action::show() C:\wamp\www\NBADemo\Home\Lib\Action\IndexAction.class.php 第 11 行.

[ 2015-07-31T18:17:00+08:00 ] 127.0.0.1 /NBADemo/index.php/Index/show
INFO: [ route_check ] --START--
INFO: Run CheckRoute Behavior [ RunTime:0.000723s ]
INFO: [ route_check ] --END-- [ RunTime:0.000806s ]
INFO: [ app_begin ] --START--
INFO: Run ReadHtmlCache Behavior [ RunTime:0.000524s ]
INFO: [ app_begin ] --END-- [ RunTime:0.000593s ]
NOTIC: [2048] Declaration of IndexAction::show() should be compatible with that of Action::show() C:\wamp\www\NBADemo\Home\Lib\Action\IndexAction.class.php 第 11 行.
NOTIC: [8] Undefined index: age C:\wamp\www\NBADemo\Home\Lib\Action\IndexAction.class.php 第 9 行.

[ 2015-07-31T18:17:01+08:00 ] 127.0.0.1 /NBADemo/index.php/Index/show
INFO: [ route_check ] --START--
INFO: Run CheckRoute Behavior [ RunTime:0.000584s ]
INFO: [ route_check ] --END-- [ RunTime:0.000666s ]
INFO: [ app_begin ] --START--
INFO: Run ReadHtmlCache Behavior [ RunTime:0.000538s ]
INFO: [ app_begin ] --END-- [ RunTime:0.000624s ]
NOTIC: [2048] Declaration of IndexAction::show() should be compatible with that of Action::show() C:\wamp\www\NBADemo\Home\Lib\Action\IndexAction.class.php 第 11 行.
NOTIC: [8] Undefined index: age C:\wamp\www\NBADemo\Home\Lib\Action\IndexAction.class.php 第 9 行.

[ 2015-07-31T18:17:01+08:00 ] 127.0.0.1 /NBADemo/index.php/Index/show
INFO: [ route_check ] --START--
INFO: Run CheckRoute Behavior [ RunTime:0.000579s ]
INFO: [ route_check ] --END-- [ RunTime:0.000659s ]
INFO: [ app_begin ] --START--
INFO: Run ReadHtmlCache Behavior [ RunTime:0.000449s ]
INFO: [ app_begin ] --END-- [ RunTime:0.000515s ]
NOTIC: [2048] Declaration of IndexAction::show() should be compatible with that of Action::show() C:\wamp\www\NBADemo\Home\Lib\Action\IndexAction.class.php 第 11 行.
NOTIC: [8] Undefined index: age C:\wamp\www\NBADemo\Home\Lib\Action\IndexAction.class.php 第 9 行.

[ 2015-07-31T18:17:01+08:00 ] 127.0.0.1 /NBADemo/index.php/Index/show
INFO: [ route_check ] --START--
INFO: Run CheckRoute Behavior [ RunTime:0.000580s ]
INFO: [ route_check ] --END-- [ RunTime:0.000660s ]
INFO: [ app_begin ] --START--
INFO: Run ReadHtmlCache Behavior [ RunTime:0.000450s ]
INFO: [ app_begin ] --END-- [ RunTime:0.000516s ]
NOTIC: [2048] Declaration of IndexAction::show() should be compatible with that of Action::show() C:\wamp\www\NBADemo\Home\Lib\Action\IndexAction.class.php 第 11 行.
NOTIC: [8] Undefined index: age C:\wamp\www\NBADemo\Home\Lib\Action\IndexAction.class.php 第 9 行.

[ 2015-07-31T18:17:09+08:00 ] 127.0.0.1 /NBADemo/index.php/Index/show
INFO: [ route_check ] --START--
INFO: Run CheckRoute Behavior [ RunTime:0.001086s ]
INFO: [ route_check ] --END-- [ RunTime:0.001263s ]
INFO: [ app_begin ] --START--
INFO: Run ReadHtmlCache Behavior [ RunTime:0.001082s ]
INFO: [ app_begin ] --END-- [ RunTime:0.001252s ]
NOTIC: [2048] Declaration of IndexAction::show() should be compatible with that of Action::show() C:\wamp\www\NBADemo\Home\Lib\Action\IndexAction.class.php 第 11 行.
NOTIC: [8] Undefined index: age C:\wamp\www\NBADemo\Home\Lib\Action\IndexAction.class.php 第 9 行.

[ 2015-07-31T18:17:09+08:00 ] 127.0.0.1 /NBADemo/index.php/Index/show
INFO: [ route_check ] --START--
INFO: Run CheckRoute Behavior [ RunTime:0.000580s ]
INFO: [ route_check ] --END-- [ RunTime:0.000668s ]
INFO: [ app_begin ] --START--
INFO: Run ReadHtmlCache Behavior [ RunTime:0.000458s ]
INFO: [ app_begin ] --END-- [ RunTime:0.000526s ]
NOTIC: [2048] Declaration of IndexAction::show() should be compatible with that of Action::show() C:\wamp\www\NBADemo\Home\Lib\Action\IndexAction.class.php 第 11 行.
NOTIC: [8] Undefined index: age C:\wamp\www\NBADemo\Home\Lib\Action\IndexAction.class.php 第 9 行.

[ 2015-07-31T18:17:10+08:00 ] 127.0.0.1 /NBADemo/index.php/Index/show
INFO: [ route_check ] --START--
INFO: Run CheckRoute Behavior [ RunTime:0.001074s ]
INFO: [ route_check ] --END-- [ RunTime:0.001232s ]
INFO: [ app_begin ] --START--
INFO: Run ReadHtmlCache Behavior [ RunTime:0.001013s ]
INFO: [ app_begin ] --END-- [ RunTime:0.001118s ]
NOTIC: [2048] Declaration of IndexAction::show() should be compatible with that of Action::show() C:\wamp\www\NBADemo\Home\Lib\Action\IndexAction.class.php 第 11 行.
NOTIC: [8] Undefined index: age C:\wamp\www\NBADemo\Home\Lib\Action\IndexAction.class.php 第 9 行.

[ 2015-07-31T18:17:23+08:00 ] 127.0.0.1 /NBADemo/index.php/Index/show/age/15
INFO: [ route_check ] --START--
INFO: Run CheckRoute Behavior [ RunTime:0.000598s ]
INFO: [ route_check ] --END-- [ RunTime:0.000689s ]
INFO: [ app_begin ] --START--
INFO: Run ReadHtmlCache Behavior [ RunTime:0.000571s ]
INFO: [ app_begin ] --END-- [ RunTime:0.000671s ]
NOTIC: [2048] Declaration of IndexAction::show() should be compatible with that of Action::show() C:\wamp\www\NBADemo\Home\Lib\Action\IndexAction.class.php 第 11 行.

[ 2015-07-31T18:18:34+08:00 ] 127.0.0.1 /NBADemo/index.php/Index/show/age/15/name/songziqing
INFO: [ route_check ] --START--
INFO: Run CheckRoute Behavior [ RunTime:0.000877s ]
INFO: [ route_check ] --END-- [ RunTime:0.001018s ]
INFO: [ app_begin ] --START--
INFO: Run ReadHtmlCache Behavior [ RunTime:0.000670s ]
INFO: [ app_begin ] --END-- [ RunTime:0.000789s ]
NOTIC: [2048] Declaration of IndexAction::show() should be compatible with that of Action::show() C:\wamp\www\NBADemo\Home\Lib\Action\IndexAction.class.php 第 11 行.

[ 2015-07-31T18:18:47+08:00 ] 127.0.0.1 /NBADemo/index.php/Index/show/age/15/name/songziqing
INFO: [ route_check ] --START--
INFO: Run CheckRoute Behavior [ RunTime:0.000579s ]
INFO: [ route_check ] --END-- [ RunTime:0.000712s ]
INFO: [ app_begin ] --START--
INFO: Run ReadHtmlCache Behavior [ RunTime:0.000459s ]
INFO: [ app_begin ] --END-- [ RunTime:0.000530s ]
NOTIC: [2048] Declaration of IndexAction::show() should be compatible with that of Action::show() C:\wamp\www\NBADemo\Home\Lib\Action\IndexAction.class.php 第 11 行.

[ 2015-07-31T19:25:01+08:00 ] 127.0.0.1 /NBADemo/
INFO: [ app_begin ] --START--
INFO: Run ReadHtmlCache Behavior [ RunTime:0.000673s ]
INFO: [ app_begin ] --END-- [ RunTime:0.000775s ]
NOTIC: [2048] Declaration of IndexAction::show() should be compatible with that of Action::show() C:\wamp\www\NBADemo\Home\Lib\Action\IndexAction.class.php 第 11 行.

[ 2015-07-31T19:35:41+08:00 ] ERR: (ThinkException) 模板不存在[./Home/Tpl/Index/index.html]
[ 2015-07-31T19:36:57+08:00 ] 127.0.0.1 /NBADemo/index.php
INFO: [ app_begin ] --START--
INFO: Run ReadHtmlCache Behavior [ RunTime:0.000493s ]
INFO: [ app_begin ] --END-- [ RunTime:0.000579s ]
NOTIC: [2048] Declaration of IndexAction::show() should be compatible with that of Action::show() C:\wamp\www\NBADemo\Home\Lib\Action\IndexAction.class.php 第 12 行.
INFO: [ view_template ] --START--
INFO: Run LocationTemplate Behavior [ RunTime:0.000599s ]
INFO: [ view_template ] --END-- [ RunTime:0.000676s ]
INFO: [ view_parse ] --START--
INFO: Run ParseTemplate Behavior [ RunTime:0.068214s ]
INFO: [ view_parse ] --END-- [ RunTime:0.068306s ]
INFO: [ view_filter ] --START--
INFO: Run ContentReplace Behavior [ RunTime:0.011973s ]
INFO: Run TokenBuild Behavior [ RunTime:0.012600s ]
INFO: Run WriteHtmlCache Behavior [ RunTime:0.003642s ]
INFO: Run ShowRuntime Behavior [ RunTime:0.007131s ]
INFO: [ view_filter ] --END-- [ RunTime:0.035583s ]
INFO: [ view_end ] --START--
INFO: Run ShowPageTrace Behavior [ RunTime:0.016356s ]
INFO: [ view_end ] --END-- [ RunTime:0.016440s ]

[ 2015-07-31T19:44:30+08:00 ] 127.0.0.1 /NBADemo/index.php
INFO: [ app_begin ] --START--
INFO: Run ReadHtmlCache Behavior [ RunTime:0.000615s ]
INFO: [ app_begin ] --END-- [ RunTime:0.000695s ]
NOTIC: [2048] Declaration of IndexAction::show() should be compatible with that of Action::show() C:\wamp\www\NBADemo\Home\Lib\Action\IndexAction.class.php 第 12 行.
INFO: [ view_template ] --START--
INFO: Run LocationTemplate Behavior [ RunTime:0.001061s ]
INFO: [ view_template ] --END-- [ RunTime:0.001157s ]
INFO: [ view_parse ] --START--
INFO: Run ParseTemplate Behavior [ RunTime:0.039150s ]
INFO: [ view_parse ] --END-- [ RunTime:0.039332s ]
INFO: [ view_filter ] --START--
INFO: Run ContentReplace Behavior [ RunTime:0.001400s ]
INFO: Run TokenBuild Behavior [ RunTime:0.001044s ]
INFO: Run WriteHtmlCache Behavior [ RunTime:0.000438s ]
INFO: Run ShowRuntime Behavior [ RunTime:0.000516s ]
INFO: [ view_filter ] --END-- [ RunTime:0.003740s ]
INFO: [ view_end ] --START--
INFO: Run ShowPageTrace Behavior [ RunTime:0.000570s ]
INFO: [ view_end ] --END-- [ RunTime:0.000649s ]

[ 2015-07-31T19:44:47+08:00 ] 127.0.0.1 /NBADemo/index.php
INFO: [ app_begin ] --START--
INFO: Run ReadHtmlCache Behavior [ RunTime:0.000650s ]
INFO: [ app_begin ] --END-- [ RunTime:0.000757s ]
NOTIC: [2048] Declaration of IndexAction::show() should be compatible with that of Action::show() C:\wamp\www\NBADemo\Home\Lib\Action\IndexAction.class.php 第 11 行.
INFO: [ view_template ] --START--
INFO: Run LocationTemplate Behavior [ RunTime:0.000425s ]
INFO: [ view_template ] --END-- [ RunTime:0.000498s ]
INFO: [ view_parse ] --START--
INFO: Run ParseTemplate Behavior [ RunTime:0.006605s ]
INFO: [ view_parse ] --END-- [ RunTime:0.006891s ]
INFO: [ view_filter ] --START--
INFO: Run ContentReplace Behavior [ RunTime:0.000539s ]
INFO: Run TokenBuild Behavior [ RunTime:0.000406s ]
INFO: Run WriteHtmlCache Behavior [ RunTime:0.000305s ]
INFO: Run ShowRuntime Behavior [ RunTime:0.000448s ]
INFO: [ view_filter ] --END-- [ RunTime:0.001903s ]
INFO: [ view_end ] --START--
INFO: Run ShowPageTrace Behavior [ RunTime:0.000495s ]
INFO: [ view_end ] --END-- [ RunTime:0.000561s ]

[ 2015-07-31T19:44:47+08:00 ] 127.0.0.1 /NBADemo/index.php
INFO: [ app_begin ] --START--
INFO: Run ReadHtmlCache Behavior [ RunTime:0.000641s ]
INFO: [ app_begin ] --END-- [ RunTime:0.000752s ]
NOTIC: [2048] Declaration of IndexAction::show() should be compatible with that of Action::show() C:\wamp\www\NBADemo\Home\Lib\Action\IndexAction.class.php 第 11 行.
INFO: [ view_template ] --START--
INFO: Run LocationTemplate Behavior [ RunTime:0.000591s ]
INFO: [ view_template ] --END-- [ RunTime:0.000733s ]
INFO: [ view_parse ] --START--
INFO: Run ParseTemplate Behavior [ RunTime:0.006617s ]
INFO: [ view_parse ] --END-- [ RunTime:0.006706s ]
INFO: [ view_filter ] --START--
INFO: Run ContentReplace Behavior [ RunTime:0.000397s ]
INFO: Run TokenBuild Behavior [ RunTime:0.000389s ]
INFO: Run WriteHtmlCache Behavior [ RunTime:0.000351s ]
INFO: Run ShowRuntime Behavior [ RunTime:0.000457s ]
INFO: [ view_filter ] --END-- [ RunTime:0.001794s ]
INFO: [ view_end ] --START--
INFO: Run ShowPageTrace Behavior [ RunTime:0.000511s ]
INFO: [ view_end ] --END-- [ RunTime:0.000578s ]

[ 2015-07-31T19:44:47+08:00 ] 127.0.0.1 /NBADemo/index.php
INFO: [ app_begin ] --START--
INFO: Run ReadHtmlCache Behavior [ RunTime:0.000528s ]
INFO: [ app_begin ] --END-- [ RunTime:0.000618s ]
NOTIC: [2048] Declaration of IndexAction::show() should be compatible with that of Action::show() C:\wamp\www\NBADemo\Home\Lib\Action\IndexAction.class.php 第 11 行.
INFO: [ view_template ] --START--
INFO: Run LocationTemplate Behavior [ RunTime:0.000423s ]
INFO: [ view_template ] --END-- [ RunTime:0.000493s ]
INFO: [ view_parse ] --START--
INFO: Run ParseTemplate Behavior [ RunTime:0.008415s ]
INFO: [ view_parse ] --END-- [ RunTime:0.008500s ]
INFO: [ view_filter ] --START--
INFO: Run ContentReplace Behavior [ RunTime:0.000398s ]
INFO: Run TokenBuild Behavior [ RunTime:0.000399s ]
INFO: Run WriteHtmlCache Behavior [ RunTime:0.000298s ]
INFO: Run ShowRuntime Behavior [ RunTime:0.000442s ]
INFO: [ view_filter ] --END-- [ RunTime:0.001716s ]
INFO: [ view_end ] --START--
INFO: Run ShowPageTrace Behavior [ RunTime:0.000520s ]
INFO: [ view_end ] --END-- [ RunTime:0.000586s ]

[ 2015-07-31T19:45:19+08:00 ] 127.0.0.1 /NBADemo/index.php
INFO: [ app_begin ] --START--
INFO: Run ReadHtmlCache Behavior [ RunTime:0.000467s ]
INFO: [ app_begin ] --END-- [ RunTime:0.000545s ]
NOTIC: [2048] Declaration of IndexAction::show() should be compatible with that of Action::show() C:\wamp\www\NBADemo\Home\Lib\Action\IndexAction.class.php 第 12 行.
INFO: [ view_template ] --START--
INFO: Run LocationTemplate Behavior [ RunTime:0.000414s ]
INFO: [ view_template ] --END-- [ RunTime:0.000482s ]
INFO: [ view_parse ] --START--
INFO: Run ParseTemplate Behavior [ RunTime:0.009215s ]
INFO: [ view_parse ] --END-- [ RunTime:0.009299s ]
INFO: [ view_filter ] --START--
INFO: Run ContentReplace Behavior [ RunTime:0.000398s ]
INFO: Run TokenBuild Behavior [ RunTime:0.000389s ]
INFO: Run WriteHtmlCache Behavior [ RunTime:0.000310s ]
INFO: Run ShowRuntime Behavior [ RunTime:0.000447s ]
INFO: [ view_filter ] --END-- [ RunTime:0.001724s ]
INFO: [ view_end ] --START--
INFO: Run ShowPageTrace Behavior [ RunTime:0.000506s ]
INFO: [ view_end ] --END-- [ RunTime:0.000568s ]

[ 2015-07-31T19:45:34+08:00 ] 127.0.0.1 /NBADemo/index.php
INFO: [ app_begin ] --START--
INFO: Run ReadHtmlCache Behavior [ RunTime:0.000494s ]
INFO: [ app_begin ] --END-- [ RunTime:0.000582s ]
NOTIC: [2048] Declaration of IndexAction::show() should be compatible with that of Action::show() C:\wamp\www\NBADemo\Home\Lib\Action\IndexAction.class.php 第 12 行.
INFO: [ view_template ] --START--
INFO: Run LocationTemplate Behavior [ RunTime:0.000425s ]
INFO: [ view_template ] --END-- [ RunTime:0.000496s ]
INFO: [ view_parse ] --START--
INFO: Run ParseTemplate Behavior [ RunTime:0.018346s ]
INFO: [ view_parse ] --END-- [ RunTime:0.018436s ]
INFO: [ view_filter ] --START--
INFO: Run ContentReplace Behavior [ RunTime:0.000428s ]
INFO: Run TokenBuild Behavior [ RunTime:0.000399s ]
INFO: Run WriteHtmlCache Behavior [ RunTime:0.000325s ]
INFO: Run ShowRuntime Behavior [ RunTime:0.000446s ]
INFO: [ view_filter ] --END-- [ RunTime:0.001780s ]
INFO: [ view_end ] --START--
INFO: Run ShowPageTrace Behavior [ RunTime:0.000515s ]
INFO: [ view_end ] --END-- [ RunTime:0.000578s ]

[ 2015-07-31T19:45:53+08:00 ] 127.0.0.1 /NBADemo/index.php
INFO: [ app_begin ] --START--
INFO: Run ReadHtmlCache Behavior [ RunTime:0.000468s ]
INFO: [ app_begin ] --END-- [ RunTime:0.000546s ]
NOTIC: [2048] Declaration of IndexAction::show() should be compatible with that of Action::show() C:\wamp\www\NBADemo\Home\Lib\Action\IndexAction.class.php 第 12 行.
INFO: [ view_template ] --START--
INFO: Run LocationTemplate Behavior [ RunTime:0.000404s ]
INFO: [ view_template ] --END-- [ RunTime:0.000470s ]
INFO: [ view_parse ] --START--
INFO: Run ParseTemplate Behavior [ RunTime:0.005811s ]
INFO: [ view_parse ] --END-- [ RunTime:0.005890s ]
INFO: [ view_filter ] --START--
INFO: Run ContentReplace Behavior [ RunTime:0.000380s ]
INFO: Run TokenBuild Behavior [ RunTime:0.000389s ]
INFO: Run WriteHtmlCache Behavior [ RunTime:0.000301s ]
INFO: Run ShowRuntime Behavior [ RunTime:0.000553s ]
INFO: [ view_filter ] --END-- [ RunTime:0.001872s ]
INFO: [ view_end ] --START--
INFO: Run ShowPageTrace Behavior [ RunTime:0.000905s ]
INFO: [ view_end ] --END-- [ RunTime:0.001019s ]

[ 2015-07-31T19:58:50+08:00 ] ERR: (ThinkException) Access denied for user 'root'@'localhost' (using password: NO)
