[ 2015-09-26T15:13:06+08:00 ] 0.0.0.0 /NBADemo/index.php/Index/info?do=10
INFO: [ app_begin ] --START--
INFO: Run ReadHtmlCache Behavior [ RunTime:0.000784s ]
INFO: [ app_begin ] --END-- [ RunTime:0.000870s ]
SQL: SHOW COLUMNS FROM `tb_statistics` [ RunTime:0.005062s ]
SQL: SELECT * FROM `tb_statistics` WHERE ( `id` = 10 ) LIMIT 1   [ RunTime:0.000413s ]

[ 2015-09-26T15:13:06+08:00 ] 0.0.0.0 /NBADemo/index.php/Index/myData?player=%E5%90%89%E7%B1%B3-%E5%B7%B4%E7%89%B9%E5%8B%92%09
INFO: [ app_begin ] --START--
INFO: Run ReadHtmlCache Behavior [ RunTime:0.000709s ]
INFO: [ app_begin ] --END-- [ RunTime:0.000777s ]
SQL: SHOW COLUMNS FROM `tb_statistics` [ RunTime:0.005497s ]
SQL: SELECT `avgscore`,`shortrate`,`thirdrate`,`ft`,`mpg` FROM `tb_statistics` WHERE ( `player` = '吉米-巴特勒	' )  [ RunTime:0.000914s ]
NOTIC: [8] Use of undefined constant avgscore - assumed 'avgscore' C:\wamp\www\NBADemo\Home\Lib\Action\IndexAction.class.php 第 163 行.
NOTIC: [8] Use of undefined constant shortrate - assumed 'shortrate' C:\wamp\www\NBADemo\Home\Lib\Action\IndexAction.class.php 第 164 行.
NOTIC: [8] Use of undefined constant thirdrate - assumed 'thirdrate' C:\wamp\www\NBADemo\Home\Lib\Action\IndexAction.class.php 第 165 行.
NOTIC: [8] Use of undefined constant ft - assumed 'ft' C:\wamp\www\NBADemo\Home\Lib\Action\IndexAction.class.php 第 166 行.
NOTIC: [8] Use of undefined constant mpg - assumed 'mpg' C:\wamp\www\NBADemo\Home\Lib\Action\IndexAction.class.php 第 167 行.

[ 2015-09-26T15:13:06+08:00 ] 0.0.0.0 /NBADemo/index.php/Index/info?do=7
INFO: [ app_begin ] --START--
INFO: Run ReadHtmlCache Behavior [ RunTime:0.002778s ]
INFO: [ app_begin ] --END-- [ RunTime:0.003085s ]
SQL: SHOW COLUMNS FROM `tb_statistics` [ RunTime:0.003878s ]
SQL: SELECT * FROM `tb_statistics` WHERE ( `id` = 7 ) LIMIT 1   [ RunTime:0.000445s ]

[ 2015-09-26T15:13:06+08:00 ] 0.0.0.0 /NBADemo/index.php/Index/myData?player=%E8%BE%BE%E7%B1%B3%E5%AE%89-%E5%88%A9%E6%8B%89%E5%BE%B7
INFO: [ app_begin ] --START--
INFO: Run ReadHtmlCache Behavior [ RunTime:0.001913s ]
INFO: [ app_begin ] --END-- [ RunTime:0.002034s ]
SQL: SHOW COLUMNS FROM `tb_statistics` [ RunTime:0.005626s ]
SQL: SELECT `avgscore`,`shortrate`,`thirdrate`,`ft`,`mpg` FROM `tb_statistics` WHERE ( `player` = '达米安-利拉德' )  [ RunTime:0.000496s ]
NOTIC: [8] Use of undefined constant avgscore - assumed 'avgscore' C:\wamp\www\NBADemo\Home\Lib\Action\IndexAction.class.php 第 163 行.
NOTIC: [8] Use of undefined constant shortrate - assumed 'shortrate' C:\wamp\www\NBADemo\Home\Lib\Action\IndexAction.class.php 第 164 行.
NOTIC: [8] Use of undefined constant thirdrate - assumed 'thirdrate' C:\wamp\www\NBADemo\Home\Lib\Action\IndexAction.class.php 第 165 行.
NOTIC: [8] Use of undefined constant ft - assumed 'ft' C:\wamp\www\NBADemo\Home\Lib\Action\IndexAction.class.php 第 166 行.
NOTIC: [8] Use of undefined constant mpg - assumed 'mpg' C:\wamp\www\NBADemo\Home\Lib\Action\IndexAction.class.php 第 167 行.

[ 2015-09-26T15:13:06+08:00 ] 0.0.0.0 /NBADemo/index.php/Index/myData?player=%E9%B2%81%E8%BF%AA-%E7%9B%96%E4%BC%8A
INFO: [ app_begin ] --START--
INFO: Run ReadHtmlCache Behavior [ RunTime:0.001882s ]
INFO: [ app_begin ] --END-- [ RunTime:0.002118s ]
SQL: SHOW COLUMNS FROM `tb_statistics` [ RunTime:0.006972s ]
SQL: SELECT `avgscore`,`shortrate`,`thirdrate`,`ft`,`mpg` FROM `tb_statistics` WHERE ( `player` = '鲁迪-盖伊' )  [ RunTime:0.000273s ]
NOTIC: [8] Use of undefined constant avgscore - assumed 'avgscore' C:\wamp\www\NBADemo\Home\Lib\Action\IndexAction.class.php 第 163 行.
NOTIC: [8] Use of undefined constant shortrate - assumed 'shortrate' C:\wamp\www\NBADemo\Home\Lib\Action\IndexAction.class.php 第 164 行.
NOTIC: [8] Use of undefined constant thirdrate - assumed 'thirdrate' C:\wamp\www\NBADemo\Home\Lib\Action\IndexAction.class.php 第 165 行.
NOTIC: [8] Use of undefined constant ft - assumed 'ft' C:\wamp\www\NBADemo\Home\Lib\Action\IndexAction.class.php 第 166 行.
NOTIC: [8] Use of undefined constant mpg - assumed 'mpg' C:\wamp\www\NBADemo\Home\Lib\Action\IndexAction.class.php 第 167 行.

[ 2015-09-26T15:13:06+08:00 ] 0.0.0.0 /NBADemo/index.php/Index/info?do=8
INFO: [ app_begin ] --START--
INFO: Run ReadHtmlCache Behavior [ RunTime:0.000542s ]
INFO: [ app_begin ] --END-- [ RunTime:0.000614s ]
SQL: SHOW COLUMNS FROM `tb_statistics` [ RunTime:0.004180s ]
SQL: SELECT * FROM `tb_statistics` WHERE ( `id` = 8 ) LIMIT 1   [ RunTime:0.000382s ]

[ 2015-09-26T15:13:06+08:00 ] 0.0.0.0 /NBADemo/index.php/Index/info?do=12
INFO: [ app_begin ] --START--
INFO: Run ReadHtmlCache Behavior [ RunTime:0.001103s ]
INFO: [ app_begin ] --END-- [ RunTime:0.001220s ]
SQL: SHOW COLUMNS FROM `tb_statistics` [ RunTime:0.004469s ]
SQL: SELECT * FROM `tb_statistics` WHERE ( `id` = 12 ) LIMIT 1   [ RunTime:0.000438s ]

[ 2015-09-26T15:13:06+08:00 ] 0.0.0.0 /NBADemo/index.php/Index/myData?player=%E5%85%8B%E9%87%8C%E6%96%AF-%E4%BF%9D%E7%BD%97
INFO: [ app_begin ] --START--
INFO: Run ReadHtmlCache Behavior [ RunTime:0.000707s ]
INFO: [ app_begin ] --END-- [ RunTime:0.000780s ]
SQL: SHOW COLUMNS FROM `tb_statistics` [ RunTime:0.005397s ]
SQL: SELECT `avgscore`,`shortrate`,`thirdrate`,`ft`,`mpg` FROM `tb_statistics` WHERE ( `player` = '克里斯-保罗' )  [ RunTime:0.000421s ]
NOTIC: [8] Use of undefined constant avgscore - assumed 'avgscore' C:\wamp\www\NBADemo\Home\Lib\Action\IndexAction.class.php 第 163 行.
NOTIC: [8] Use of undefined constant shortrate - assumed 'shortrate' C:\wamp\www\NBADemo\Home\Lib\Action\IndexAction.class.php 第 164 行.
NOTIC: [8] Use of undefined constant thirdrate - assumed 'thirdrate' C:\wamp\www\NBADemo\Home\Lib\Action\IndexAction.class.php 第 165 行.
NOTIC: [8] Use of undefined constant ft - assumed 'ft' C:\wamp\www\NBADemo\Home\Lib\Action\IndexAction.class.php 第 166 行.
NOTIC: [8] Use of undefined constant mpg - assumed 'mpg' C:\wamp\www\NBADemo\Home\Lib\Action\IndexAction.class.php 第 167 行.

[ 2015-09-26T15:13:06+08:00 ] 0.0.0.0 /NBADemo/index.php/Index/info?do=5
INFO: [ app_begin ] --START--
INFO: Run ReadHtmlCache Behavior [ RunTime:0.001033s ]
INFO: [ app_begin ] --END-- [ RunTime:0.001153s ]
SQL: SHOW COLUMNS FROM `tb_statistics` [ RunTime:0.005064s ]
SQL: SELECT * FROM `tb_statistics` WHERE ( `id` = 5 ) LIMIT 1   [ RunTime:0.002568s ]

[ 2015-09-26T15:13:06+08:00 ] 0.0.0.0 /NBADemo/index.php/Index/myData?player=%E5%85%8B%E9%9B%B7-%E6%B1%A4%E6%99%AE%E6%A3%AE
INFO: [ app_begin ] --START--
INFO: Run ReadHtmlCache Behavior [ RunTime:0.001226s ]
INFO: [ app_begin ] --END-- [ RunTime:0.001379s ]
SQL: SHOW COLUMNS FROM `tb_statistics` [ RunTime:0.007543s ]
SQL: SELECT `avgscore`,`shortrate`,`thirdrate`,`ft`,`mpg` FROM `tb_statistics` WHERE ( `player` = '克雷-汤普森' )  [ RunTime:0.000326s ]
NOTIC: [8] Use of undefined constant avgscore - assumed 'avgscore' C:\wamp\www\NBADemo\Home\Lib\Action\IndexAction.class.php 第 163 行.
NOTIC: [8] Use of undefined constant shortrate - assumed 'shortrate' C:\wamp\www\NBADemo\Home\Lib\Action\IndexAction.class.php 第 164 行.
NOTIC: [8] Use of undefined constant thirdrate - assumed 'thirdrate' C:\wamp\www\NBADemo\Home\Lib\Action\IndexAction.class.php 第 165 行.
NOTIC: [8] Use of undefined constant ft - assumed 'ft' C:\wamp\www\NBADemo\Home\Lib\Action\IndexAction.class.php 第 166 行.
NOTIC: [8] Use of undefined constant mpg - assumed 'mpg' C:\wamp\www\NBADemo\Home\Lib\Action\IndexAction.class.php 第 167 行.

[ 2015-09-26T15:13:06+08:00 ] 0.0.0.0 /NBADemo/index.php/Index/myData?player=%E5%90%89%E7%B1%B3-%E5%B7%B4%E7%89%B9%E5%8B%92%09
INFO: [ app_begin ] --START--
INFO: Run ReadHtmlCache Behavior [ RunTime:0.000952s ]
INFO: [ app_begin ] --END-- [ RunTime:0.001076s ]
SQL: SHOW COLUMNS FROM `tb_statistics` [ RunTime:0.004985s ]
SQL: SELECT `avgscore`,`shortrate`,`thirdrate`,`ft`,`mpg` FROM `tb_statistics` WHERE ( `player` = '吉米-巴特勒	' )  [ RunTime:0.000449s ]
NOTIC: [8] Use of undefined constant avgscore - assumed 'avgscore' C:\wamp\www\NBADemo\Home\Lib\Action\IndexAction.class.php 第 163 行.
NOTIC: [8] Use of undefined constant shortrate - assumed 'shortrate' C:\wamp\www\NBADemo\Home\Lib\Action\IndexAction.class.php 第 164 行.
NOTIC: [8] Use of undefined constant thirdrate - assumed 'thirdrate' C:\wamp\www\NBADemo\Home\Lib\Action\IndexAction.class.php 第 165 行.
NOTIC: [8] Use of undefined constant ft - assumed 'ft' C:\wamp\www\NBADemo\Home\Lib\Action\IndexAction.class.php 第 166 行.
NOTIC: [8] Use of undefined constant mpg - assumed 'mpg' C:\wamp\www\NBADemo\Home\Lib\Action\IndexAction.class.php 第 167 行.

[ 2015-09-26T15:13:06+08:00 ] 0.0.0.0 /NBADemo/index.php/Index/myData?player=%E8%BE%BE%E7%B1%B3%E5%AE%89-%E5%88%A9%E6%8B%89%E5%BE%B7
INFO: [ app_begin ] --START--
INFO: Run ReadHtmlCache Behavior [ RunTime:0.000516s ]
INFO: [ app_begin ] --END-- [ RunTime:0.000593s ]
SQL: SHOW COLUMNS FROM `tb_statistics` [ RunTime:0.003573s ]
SQL: SELECT `avgscore`,`shortrate`,`thirdrate`,`ft`,`mpg` FROM `tb_statistics` WHERE ( `player` = '达米安-利拉德' )  [ RunTime:0.000377s ]
NOTIC: [8] Use of undefined constant avgscore - assumed 'avgscore' C:\wamp\www\NBADemo\Home\Lib\Action\IndexAction.class.php 第 163 行.
NOTIC: [8] Use of undefined constant shortrate - assumed 'shortrate' C:\wamp\www\NBADemo\Home\Lib\Action\IndexAction.class.php 第 164 行.
NOTIC: [8] Use of undefined constant thirdrate - assumed 'thirdrate' C:\wamp\www\NBADemo\Home\Lib\Action\IndexAction.class.php 第 165 行.
NOTIC: [8] Use of undefined constant ft - assumed 'ft' C:\wamp\www\NBADemo\Home\Lib\Action\IndexAction.class.php 第 166 行.
NOTIC: [8] Use of undefined constant mpg - assumed 'mpg' C:\wamp\www\NBADemo\Home\Lib\Action\IndexAction.class.php 第 167 行.

[ 2015-09-26T15:13:06+08:00 ] 0.0.0.0 /NBADemo/index.php/Index/myData?player=%E9%B2%81%E8%BF%AA-%E7%9B%96%E4%BC%8A
INFO: [ app_begin ] --START--
INFO: Run ReadHtmlCache Behavior [ RunTime:0.001292s ]
INFO: [ app_begin ] --END-- [ RunTime:0.001429s ]
SQL: SHOW COLUMNS FROM `tb_statistics` [ RunTime:0.008075s ]
SQL: SELECT `avgscore`,`shortrate`,`thirdrate`,`ft`,`mpg` FROM `tb_statistics` WHERE ( `player` = '鲁迪-盖伊' )  [ RunTime:0.000316s ]
NOTIC: [8] Use of undefined constant avgscore - assumed 'avgscore' C:\wamp\www\NBADemo\Home\Lib\Action\IndexAction.class.php 第 163 行.
NOTIC: [8] Use of undefined constant shortrate - assumed 'shortrate' C:\wamp\www\NBADemo\Home\Lib\Action\IndexAction.class.php 第 164 行.
NOTIC: [8] Use of undefined constant thirdrate - assumed 'thirdrate' C:\wamp\www\NBADemo\Home\Lib\Action\IndexAction.class.php 第 165 行.
NOTIC: [8] Use of undefined constant ft - assumed 'ft' C:\wamp\www\NBADemo\Home\Lib\Action\IndexAction.class.php 第 166 行.
NOTIC: [8] Use of undefined constant mpg - assumed 'mpg' C:\wamp\www\NBADemo\Home\Lib\Action\IndexAction.class.php 第 167 行.

[ 2015-09-26T15:13:06+08:00 ] 0.0.0.0 /NBADemo/index.php/Index/myData?player=%E5%85%8B%E9%87%8C%E6%96%AF-%E4%BF%9D%E7%BD%97
INFO: [ app_begin ] --START--
INFO: Run ReadHtmlCache Behavior [ RunTime:0.004879s ]
INFO: [ app_begin ] --END-- [ RunTime:0.005055s ]
SQL: SHOW COLUMNS FROM `tb_statistics` [ RunTime:0.006308s ]
SQL: SELECT `avgscore`,`shortrate`,`thirdrate`,`ft`,`mpg` FROM `tb_statistics` WHERE ( `player` = '克里斯-保罗' )  [ RunTime:0.000346s ]
NOTIC: [8] Use of undefined constant avgscore - assumed 'avgscore' C:\wamp\www\NBADemo\Home\Lib\Action\IndexAction.class.php 第 163 行.
NOTIC: [8] Use of undefined constant shortrate - assumed 'shortrate' C:\wamp\www\NBADemo\Home\Lib\Action\IndexAction.class.php 第 164 行.
NOTIC: [8] Use of undefined constant thirdrate - assumed 'thirdrate' C:\wamp\www\NBADemo\Home\Lib\Action\IndexAction.class.php 第 165 行.
NOTIC: [8] Use of undefined constant ft - assumed 'ft' C:\wamp\www\NBADemo\Home\Lib\Action\IndexAction.class.php 第 166 行.
NOTIC: [8] Use of undefined constant mpg - assumed 'mpg' C:\wamp\www\NBADemo\Home\Lib\Action\IndexAction.class.php 第 167 行.

[ 2015-09-26T15:13:06+08:00 ] 0.0.0.0 /NBADemo/index.php/Index/info?do=5
INFO: [ app_begin ] --START--
INFO: Run ReadHtmlCache Behavior [ RunTime:0.000875s ]
INFO: [ app_begin ] --END-- [ RunTime:0.000995s ]
SQL: SHOW COLUMNS FROM `tb_statistics` [ RunTime:0.003014s ]
SQL: SELECT * FROM `tb_statistics` WHERE ( `id` = 5 ) LIMIT 1   [ RunTime:0.000435s ]

[ 2015-09-26T15:13:06+08:00 ] 0.0.0.0 /NBADemo/index.php/Index/info?do=9
INFO: [ app_begin ] --START--
INFO: Run ReadHtmlCache Behavior [ RunTime:0.001023s ]
INFO: [ app_begin ] --END-- [ RunTime:0.001138s ]
SQL: SHOW COLUMNS FROM `tb_statistics` [ RunTime:0.006376s ]
SQL: SELECT * FROM `tb_statistics` WHERE ( `id` = 9 ) LIMIT 1   [ RunTime:0.000313s ]

[ 2015-09-26T15:13:06+08:00 ] 0.0.0.0 /NBADemo/index.php/Index/myData?player=%E5%BE%B7%E7%8E%9B%E5%B0%94-%E5%BE%B7%E7%BD%97%E8%B5%9E
INFO: [ app_begin ] --START--
INFO: Run ReadHtmlCache Behavior [ RunTime:0.001045s ]
INFO: [ app_begin ] --END-- [ RunTime:0.001156s ]
SQL: SHOW COLUMNS FROM `tb_statistics` [ RunTime:0.016377s ]
SQL: SELECT `avgscore`,`shortrate`,`thirdrate`,`ft`,`mpg` FROM `tb_statistics` WHERE ( `player` = '德玛尔-德罗赞' )  [ RunTime:0.001325s ]
NOTIC: [8] Use of undefined constant avgscore - assumed 'avgscore' C:\wamp\www\NBADemo\Home\Lib\Action\IndexAction.class.php 第 163 行.
NOTIC: [8] Use of undefined constant shortrate - assumed 'shortrate' C:\wamp\www\NBADemo\Home\Lib\Action\IndexAction.class.php 第 164 行.
NOTIC: [8] Use of undefined constant thirdrate - assumed 'thirdrate' C:\wamp\www\NBADemo\Home\Lib\Action\IndexAction.class.php 第 165 行.
NOTIC: [8] Use of undefined constant ft - assumed 'ft' C:\wamp\www\NBADemo\Home\Lib\Action\IndexAction.class.php 第 166 行.
NOTIC: [8] Use of undefined constant mpg - assumed 'mpg' C:\wamp\www\NBADemo\Home\Lib\Action\IndexAction.class.php 第 167 行.

[ 2015-09-26T15:13:06+08:00 ] 0.0.0.0 /NBADemo/index.php/Index/myData?player=%E5%85%8B%E9%9B%B7-%E6%B1%A4%E6%99%AE%E6%A3%AE
INFO: [ app_begin ] --START--
INFO: Run ReadHtmlCache Behavior [ RunTime:0.000885s ]
INFO: [ app_begin ] --END-- [ RunTime:0.001005s ]
SQL: SHOW COLUMNS FROM `tb_statistics` [ RunTime:0.007058s ]
SQL: SELECT `avgscore`,`shortrate`,`thirdrate`,`ft`,`mpg` FROM `tb_statistics` WHERE ( `player` = '克雷-汤普森' )  [ RunTime:0.000407s ]
NOTIC: [8] Use of undefined constant avgscore - assumed 'avgscore' C:\wamp\www\NBADemo\Home\Lib\Action\IndexAction.class.php 第 163 行.
NOTIC: [8] Use of undefined constant shortrate - assumed 'shortrate' C:\wamp\www\NBADemo\Home\Lib\Action\IndexAction.class.php 第 164 行.
NOTIC: [8] Use of undefined constant thirdrate - assumed 'thirdrate' C:\wamp\www\NBADemo\Home\Lib\Action\IndexAction.class.php 第 165 行.
NOTIC: [8] Use of undefined constant ft - assumed 'ft' C:\wamp\www\NBADemo\Home\Lib\Action\IndexAction.class.php 第 166 行.
NOTIC: [8] Use of undefined constant mpg - assumed 'mpg' C:\wamp\www\NBADemo\Home\Lib\Action\IndexAction.class.php 第 167 行.

[ 2015-09-26T15:13:06+08:00 ] 0.0.0.0 /NBADemo/index.php/Index/myData?player=%E5%BE%B7%E7%8E%9B%E5%B0%94-%E5%BE%B7%E7%BD%97%E8%B5%9E
INFO: [ app_begin ] --START--
INFO: Run ReadHtmlCache Behavior [ RunTime:0.001061s ]
INFO: [ app_begin ] --END-- [ RunTime:0.001199s ]
SQL: SHOW COLUMNS FROM `tb_statistics` [ RunTime:0.004752s ]
SQL: SELECT `avgscore`,`shortrate`,`thirdrate`,`ft`,`mpg` FROM `tb_statistics` WHERE ( `player` = '德玛尔-德罗赞' )  [ RunTime:0.000321s ]
NOTIC: [8] Use of undefined constant avgscore - assumed 'avgscore' C:\wamp\www\NBADemo\Home\Lib\Action\IndexAction.class.php 第 163 行.
NOTIC: [8] Use of undefined constant shortrate - assumed 'shortrate' C:\wamp\www\NBADemo\Home\Lib\Action\IndexAction.class.php 第 164 行.
NOTIC: [8] Use of undefined constant thirdrate - assumed 'thirdrate' C:\wamp\www\NBADemo\Home\Lib\Action\IndexAction.class.php 第 165 行.
NOTIC: [8] Use of undefined constant ft - assumed 'ft' C:\wamp\www\NBADemo\Home\Lib\Action\IndexAction.class.php 第 166 行.
NOTIC: [8] Use of undefined constant mpg - assumed 'mpg' C:\wamp\www\NBADemo\Home\Lib\Action\IndexAction.class.php 第 167 行.

