[ 2015-10-11T21:33:42+08:00 ] 0.0.0.0 /NBADemo/index.php/Index/info?do=10
INFO: [ app_begin ] --START--
INFO: Run ReadHtmlCache Behavior [ RunTime:0.000731s ]
INFO: [ app_begin ] --END-- [ RunTime:0.000843s ]
SQL: SHOW COLUMNS FROM `tb_statistics` [ RunTime:0.003358s ]
SQL: SELECT * FROM `tb_statistics` WHERE ( `id` = 10 ) LIMIT 1   [ RunTime:0.000303s ]

[ 2015-10-11T21:33:42+08:00 ] 0.0.0.0 /NBADemo/index.php/Index/myData?player=%E5%90%89%E7%B1%B3-%E5%B7%B4%E7%89%B9%E5%8B%92%09
INFO: [ app_begin ] --START--
INFO: Run ReadHtmlCache Behavior [ RunTime:0.000761s ]
INFO: [ app_begin ] --END-- [ RunTime:0.000871s ]
SQL: SHOW COLUMNS FROM `tb_statistics` [ RunTime:0.005731s ]
SQL: SELECT `avgscore`,`shortrate`,`thirdrate`,`ft`,`mpg` FROM `tb_statistics` WHERE ( `player` = '吉米-巴特勒	' )  [ RunTime:0.000312s ]
NOTIC: [8] Use of undefined constant avgscore - assumed 'avgscore' C:\wamp\www\NBADemo\Home\Lib\Action\IndexAction.class.php 第 163 行.
NOTIC: [8] Use of undefined constant shortrate - assumed 'shortrate' C:\wamp\www\NBADemo\Home\Lib\Action\IndexAction.class.php 第 164 行.
NOTIC: [8] Use of undefined constant thirdrate - assumed 'thirdrate' C:\wamp\www\NBADemo\Home\Lib\Action\IndexAction.class.php 第 165 行.
NOTIC: [8] Use of undefined constant ft - assumed 'ft' C:\wamp\www\NBADemo\Home\Lib\Action\IndexAction.class.php 第 166 行.
NOTIC: [8] Use of undefined constant mpg - assumed 'mpg' C:\wamp\www\NBADemo\Home\Lib\Action\IndexAction.class.php 第 167 行.

[ 2015-10-11T21:33:42+08:00 ] 0.0.0.0 /NBADemo/index.php/Index/myData?player=%E5%90%89%E7%B1%B3-%E5%B7%B4%E7%89%B9%E5%8B%92%09
INFO: [ app_begin ] --START--
INFO: Run ReadHtmlCache Behavior [ RunTime:0.001051s ]
INFO: [ app_begin ] --END-- [ RunTime:0.001192s ]
SQL: SHOW COLUMNS FROM `tb_statistics` [ RunTime:0.002870s ]
SQL: SELECT `avgscore`,`shortrate`,`thirdrate`,`ft`,`mpg` FROM `tb_statistics` WHERE ( `player` = '吉米-巴特勒	' )  [ RunTime:0.000229s ]
NOTIC: [8] Use of undefined constant avgscore - assumed 'avgscore' C:\wamp\www\NBADemo\Home\Lib\Action\IndexAction.class.php 第 163 行.
NOTIC: [8] Use of undefined constant shortrate - assumed 'shortrate' C:\wamp\www\NBADemo\Home\Lib\Action\IndexAction.class.php 第 164 行.
NOTIC: [8] Use of undefined constant thirdrate - assumed 'thirdrate' C:\wamp\www\NBADemo\Home\Lib\Action\IndexAction.class.php 第 165 行.
NOTIC: [8] Use of undefined constant ft - assumed 'ft' C:\wamp\www\NBADemo\Home\Lib\Action\IndexAction.class.php 第 166 行.
NOTIC: [8] Use of undefined constant mpg - assumed 'mpg' C:\wamp\www\NBADemo\Home\Lib\Action\IndexAction.class.php 第 167 行.

[ 2015-10-11T21:33:45+08:00 ] 0.0.0.0 /NBADemo/index.php/Index/info?do=9
INFO: [ app_begin ] --START--
INFO: Run ReadHtmlCache Behavior [ RunTime:0.000451s ]
INFO: [ app_begin ] --END-- [ RunTime:0.000519s ]
SQL: SHOW COLUMNS FROM `tb_statistics` [ RunTime:0.003070s ]
SQL: SELECT * FROM `tb_statistics` WHERE ( `id` = 9 ) LIMIT 1   [ RunTime:0.000359s ]

[ 2015-10-11T21:33:45+08:00 ] 0.0.0.0 /NBADemo/index.php/Index/myData?player=%E5%BE%B7%E7%8E%9B%E5%B0%94-%E5%BE%B7%E7%BD%97%E8%B5%9E
INFO: [ app_begin ] --START--
INFO: Run ReadHtmlCache Behavior [ RunTime:0.000722s ]
INFO: [ app_begin ] --END-- [ RunTime:0.000795s ]
SQL: SHOW COLUMNS FROM `tb_statistics` [ RunTime:0.002921s ]
SQL: SELECT `avgscore`,`shortrate`,`thirdrate`,`ft`,`mpg` FROM `tb_statistics` WHERE ( `player` = '德玛尔-德罗赞' )  [ RunTime:0.000658s ]
NOTIC: [8] Use of undefined constant avgscore - assumed 'avgscore' C:\wamp\www\NBADemo\Home\Lib\Action\IndexAction.class.php 第 163 行.
NOTIC: [8] Use of undefined constant shortrate - assumed 'shortrate' C:\wamp\www\NBADemo\Home\Lib\Action\IndexAction.class.php 第 164 行.
NOTIC: [8] Use of undefined constant thirdrate - assumed 'thirdrate' C:\wamp\www\NBADemo\Home\Lib\Action\IndexAction.class.php 第 165 行.
NOTIC: [8] Use of undefined constant ft - assumed 'ft' C:\wamp\www\NBADemo\Home\Lib\Action\IndexAction.class.php 第 166 行.
NOTIC: [8] Use of undefined constant mpg - assumed 'mpg' C:\wamp\www\NBADemo\Home\Lib\Action\IndexAction.class.php 第 167 行.

[ 2015-10-11T21:34:01+08:00 ] 0.0.0.0 /NBADemo/index.php/Index/myData?player=%E9%B2%81%E8%BF%AA-%E7%9B%96%E4%BC%8A
INFO: [ app_begin ] --START--
INFO: Run ReadHtmlCache Behavior [ RunTime:0.000477s ]
INFO: [ app_begin ] --END-- [ RunTime:0.000550s ]
SQL: SHOW COLUMNS FROM `tb_statistics` [ RunTime:0.002896s ]
SQL: SELECT `avgscore`,`shortrate`,`thirdrate`,`ft`,`mpg` FROM `tb_statistics` WHERE ( `player` = '鲁迪-盖伊' )  [ RunTime:0.000234s ]
NOTIC: [8] Use of undefined constant avgscore - assumed 'avgscore' C:\wamp\www\NBADemo\Home\Lib\Action\IndexAction.class.php 第 163 行.
NOTIC: [8] Use of undefined constant shortrate - assumed 'shortrate' C:\wamp\www\NBADemo\Home\Lib\Action\IndexAction.class.php 第 164 行.
NOTIC: [8] Use of undefined constant thirdrate - assumed 'thirdrate' C:\wamp\www\NBADemo\Home\Lib\Action\IndexAction.class.php 第 165 行.
NOTIC: [8] Use of undefined constant ft - assumed 'ft' C:\wamp\www\NBADemo\Home\Lib\Action\IndexAction.class.php 第 166 行.
NOTIC: [8] Use of undefined constant mpg - assumed 'mpg' C:\wamp\www\NBADemo\Home\Lib\Action\IndexAction.class.php 第 167 行.

[ 2015-10-11T21:34:01+08:00 ] 0.0.0.0 /NBADemo/index.php/Index/info?do=7
INFO: [ app_begin ] --START--
INFO: Run ReadHtmlCache Behavior [ RunTime:0.000455s ]
INFO: [ app_begin ] --END-- [ RunTime:0.000535s ]
SQL: SHOW COLUMNS FROM `tb_statistics` [ RunTime:0.005621s ]
SQL: SELECT * FROM `tb_statistics` WHERE ( `id` = 7 ) LIMIT 1   [ RunTime:0.001120s ]

[ 2015-10-11T21:34:01+08:00 ] 0.0.0.0 /NBADemo/index.php/Index/myData?player=%E9%B2%81%E8%BF%AA-%E7%9B%96%E4%BC%8A
INFO: [ app_begin ] --START--
INFO: Run ReadHtmlCache Behavior [ RunTime:0.001181s ]
INFO: [ app_begin ] --END-- [ RunTime:0.001338s ]
SQL: SHOW COLUMNS FROM `tb_statistics` [ RunTime:0.003076s ]
SQL: SELECT `avgscore`,`shortrate`,`thirdrate`,`ft`,`mpg` FROM `tb_statistics` WHERE ( `player` = '鲁迪-盖伊' )  [ RunTime:0.000372s ]
NOTIC: [8] Use of undefined constant avgscore - assumed 'avgscore' C:\wamp\www\NBADemo\Home\Lib\Action\IndexAction.class.php 第 163 行.
NOTIC: [8] Use of undefined constant shortrate - assumed 'shortrate' C:\wamp\www\NBADemo\Home\Lib\Action\IndexAction.class.php 第 164 行.
NOTIC: [8] Use of undefined constant thirdrate - assumed 'thirdrate' C:\wamp\www\NBADemo\Home\Lib\Action\IndexAction.class.php 第 165 行.
NOTIC: [8] Use of undefined constant ft - assumed 'ft' C:\wamp\www\NBADemo\Home\Lib\Action\IndexAction.class.php 第 166 行.
NOTIC: [8] Use of undefined constant mpg - assumed 'mpg' C:\wamp\www\NBADemo\Home\Lib\Action\IndexAction.class.php 第 167 行.

[ 2015-10-11T21:34:01+08:00 ] 0.0.0.0 /NBADemo/index.php/Index/info?do=8
INFO: [ app_begin ] --START--
INFO: Run ReadHtmlCache Behavior [ RunTime:0.000464s ]
INFO: [ app_begin ] --END-- [ RunTime:0.000540s ]
SQL: SHOW COLUMNS FROM `tb_statistics` [ RunTime:0.006746s ]
SQL: SELECT * FROM `tb_statistics` WHERE ( `id` = 8 ) LIMIT 1   [ RunTime:0.000448s ]

[ 2015-10-11T21:34:01+08:00 ] 0.0.0.0 /NBADemo/index.php/Index/myData?player=%E8%BE%BE%E7%B1%B3%E5%AE%89-%E5%88%A9%E6%8B%89%E5%BE%B7
INFO: [ app_begin ] --START--
INFO: Run ReadHtmlCache Behavior [ RunTime:0.001571s ]
INFO: [ app_begin ] --END-- [ RunTime:0.001698s ]
SQL: SHOW COLUMNS FROM `tb_statistics` [ RunTime:0.006532s ]
SQL: SELECT `avgscore`,`shortrate`,`thirdrate`,`ft`,`mpg` FROM `tb_statistics` WHERE ( `player` = '达米安-利拉德' )  [ RunTime:0.000405s ]
NOTIC: [8] Use of undefined constant avgscore - assumed 'avgscore' C:\wamp\www\NBADemo\Home\Lib\Action\IndexAction.class.php 第 163 行.
NOTIC: [8] Use of undefined constant shortrate - assumed 'shortrate' C:\wamp\www\NBADemo\Home\Lib\Action\IndexAction.class.php 第 164 行.
NOTIC: [8] Use of undefined constant thirdrate - assumed 'thirdrate' C:\wamp\www\NBADemo\Home\Lib\Action\IndexAction.class.php 第 165 行.
NOTIC: [8] Use of undefined constant ft - assumed 'ft' C:\wamp\www\NBADemo\Home\Lib\Action\IndexAction.class.php 第 166 行.
NOTIC: [8] Use of undefined constant mpg - assumed 'mpg' C:\wamp\www\NBADemo\Home\Lib\Action\IndexAction.class.php 第 167 行.

[ 2015-10-11T21:34:01+08:00 ] 0.0.0.0 /NBADemo/index.php/Index/info?do=12
INFO: [ app_begin ] --START--
INFO: Run ReadHtmlCache Behavior [ RunTime:0.000935s ]
INFO: [ app_begin ] --END-- [ RunTime:0.001066s ]
SQL: SHOW COLUMNS FROM `tb_statistics` [ RunTime:0.003273s ]
SQL: SELECT * FROM `tb_statistics` WHERE ( `id` = 12 ) LIMIT 1   [ RunTime:0.000426s ]

[ 2015-10-11T21:34:01+08:00 ] 0.0.0.0 /NBADemo/index.php/Index/myData?player=%E5%85%8B%E9%87%8C%E6%96%AF-%E4%BF%9D%E7%BD%97
INFO: [ app_begin ] --START--
INFO: Run ReadHtmlCache Behavior [ RunTime:0.000936s ]
INFO: [ app_begin ] --END-- [ RunTime:0.001111s ]
SQL: SHOW COLUMNS FROM `tb_statistics` [ RunTime:0.003323s ]
SQL: SELECT `avgscore`,`shortrate`,`thirdrate`,`ft`,`mpg` FROM `tb_statistics` WHERE ( `player` = '克里斯-保罗' )  [ RunTime:0.000304s ]
NOTIC: [8] Use of undefined constant avgscore - assumed 'avgscore' C:\wamp\www\NBADemo\Home\Lib\Action\IndexAction.class.php 第 163 行.
NOTIC: [8] Use of undefined constant shortrate - assumed 'shortrate' C:\wamp\www\NBADemo\Home\Lib\Action\IndexAction.class.php 第 164 行.
NOTIC: [8] Use of undefined constant thirdrate - assumed 'thirdrate' C:\wamp\www\NBADemo\Home\Lib\Action\IndexAction.class.php 第 165 行.
NOTIC: [8] Use of undefined constant ft - assumed 'ft' C:\wamp\www\NBADemo\Home\Lib\Action\IndexAction.class.php 第 166 行.
NOTIC: [8] Use of undefined constant mpg - assumed 'mpg' C:\wamp\www\NBADemo\Home\Lib\Action\IndexAction.class.php 第 167 行.

